<?xml version="1.0" encoding="UTF-8"?>
<!-- Generated by org.testng.reporters.JUnitXMLReporter -->
<testsuite ignored="2" hostname="LAPTOP-BBP419K3" failures="0" tests="1" name="Test" time="34.142" errors="0" timestamp="04 Jul 2024 05:50:46 GMT">
  <testcase classname="com.comcast.crm.orgtest.CreateOrganizationTestWithPom" name="CreateOrganizationTest" time="21.395"/>
  <testcase classname="com.comcast.crm.orgtest.CreateOrganizationTestWithPom" name="CreateOrgWithPhoneNumberTest" time="0.0">
    <ignored/>
  </testcase> <!-- CreateOrgWithPhoneNumberTest -->
  <testcase classname="com.comcast.crm.orgtest.CreateOrganizationTestWithPom" name="CreateOrgWithindustryTest1" time="0.0">
    <ignored/>
  </testcase> <!-- CreateOrgWithindustryTest1 -->
</testsuite> <!-- Test -->
